<?xml version="1.0" encoding="UTF-8"?>
<!-- Generated by org.testng.reporters.JUnitXMLReporter -->
<testsuite hostname="DESKTOP-QNMN576" failures="0" tests="2" name="Test" time="0.162" errors="0" timestamp="23 Aug 2022 15:40:56 GMT">
  <testcase classname="testcases.hybridTestCases.AddUserWithReport1" name="@BeforeClass setup" time="0.0">
    <failure type="java.lang.IllegalStateException" message="The driver executable does not exist: G:\Selenium\Chrome\chromedriver.exe">
      <![CDATA[java.lang.IllegalStateException: The driver executable does not exist: G:\Selenium\Chrome\chromedriver.exe
	at com.google.common.base.Preconditions.checkState(Preconditions.java:199)
	at org.openqa.selenium.remote.service.DriverService.checkExecutable(DriverService.java:121)
	at org.openqa.selenium.remote.service.DriverService.findExecutable(DriverService.java:116)
	at org.openqa.selenium.chrome.ChromeDriverService.access$000(ChromeDriverService.java:32)
	at org.openqa.selenium.chrome.ChromeDriverService$Builder.findDefaultExecutable(ChromeDriverService.java:137)
	at org.openqa.selenium.remote.service.DriverService$Builder.build(DriverService.java:296)
	at org.openqa.selenium.chrome.ChromeDriverService.createDefaultService(ChromeDriverService.java:88)
	at org.openqa.selenium.chrome.ChromeDriver.<init>(ChromeDriver.java:116)
	at Pages.BaseClass.setup(BaseClass.java:58)
... Removed 22 stack frames]]>
    </failure>
  </testcase> <!-- @BeforeClass setup -->
  <testcase classname="testcases.hybridTestCases.AddUserWithReport1" name="@AfterMethod endTest" time="0.0">
    <skipped/>
  </testcase> <!-- @AfterMethod endTest -->
  <testcase classname="testcases.hybridTestCases.AddUserWithReport1" name="@AfterMethod endTest" time="0.0">
    <skipped/>
  </testcase> <!-- @AfterMethod endTest -->
  <testcase classname="testcases.hybridTestCases.AddUserWithReport1" name="@AfterClass tearDown" time="0.0">
    <skipped/>
  </testcase> <!-- @AfterClass tearDown -->
  <testcase classname="testcases.hybridTestCases.AddUserWithReport1" name="addUserToApplication" time="0.005">
    <skipped/>
  </testcase> <!-- addUserToApplication -->
  <testcase classname="testcases.hybridTestCases.AddUserWithReport1" name="searchUser" time="0.005">
    <skipped/>
  </testcase> <!-- searchUser -->
</testsuite> <!-- Test -->
